[GIN-debug] [WARNING] Running in "debug" mode. Switch to "release" mode in production.
 - using env:	export GIN_MODE=release
 - using code:	gin.SetMode(gin.ReleaseMode)

[GIN-debug] GET    /ping                     --> main.main.func1 (2 handlers)
[GIN-debug] GET    /services/v1/:owner/:service --> main.main.func2 (2 handlers)
[GIN-debug] GET    /services/v1/:owner/:service/:start --> main.main.func3 (2 handlers)
[GIN-debug] GET    /services/v1/:owner/:service/:start/:count --> main.main.func4 (2 handlers)
::1 - [Fri, 30 Oct 2020 14:47:26 CET] "GET /services/v1/user/mik/abc/0/5 HTTP/2.0 404 279ns "Mozilla/5.0 (Macintosh; Intel Mac OS X 10.12; rv:81.0) Gecko/20100101 Firefox/81.0" "
::1 - [Fri, 30 Oct 2020 14:47:26 CET] "GET /favicon.ico HTTP/2.0 404 298ns "Mozilla/5.0 (Macintosh; Intel Mac OS X 10.12; rv:81.0) Gecko/20100101 Firefox/81.0" "
::1 - [Fri, 30 Oct 2020 14:47:33 CET] "GET /services/v1/user/mik/abc/0 HTTP/2.0 200 20.119µs "Mozilla/5.0 (Macintosh; Intel Mac OS X 10.12; rv:81.0) Gecko/20100101 Firefox/81.0" "
::1 - [Fri, 30 Oct 2020 14:47:33 CET] "GET /favicon.ico HTTP/2.0 404 367ns "Mozilla/5.0 (Macintosh; Intel Mac OS X 10.12; rv:81.0) Gecko/20100101 Firefox/81.0" "
::1 - [Fri, 30 Oct 2020 14:47:37 CET] "GET /services/v1/user/mik/abc HTTP/2.0 200 6.472µs "Mozilla/5.0 (Macintosh; Intel Mac OS X 10.12; rv:81.0) Gecko/20100101 Firefox/81.0" "
::1 - [Fri, 30 Oct 2020 14:47:37 CET] "GET /favicon.ico HTTP/2.0 404 332ns "Mozilla/5.0 (Macintosh; Intel Mac OS X 10.12; rv:81.0) Gecko/20100101 Firefox/81.0" "
::1 - [Fri, 30 Oct 2020 14:47:46 CET] "GET /services/v1/mik/abc HTTP/2.0 200 6.328µs "Mozilla/5.0 (Macintosh; Intel Mac OS X 10.12; rv:81.0) Gecko/20100101 Firefox/81.0" "
::1 - [Fri, 30 Oct 2020 14:47:46 CET] "GET /favicon.ico HTTP/2.0 404 252ns "Mozilla/5.0 (Macintosh; Intel Mac OS X 10.12; rv:81.0) Gecko/20100101 Firefox/81.0" "
::1 - [Fri, 30 Oct 2020 14:47:53 CET] "GET /services/v1/mik HTTP/2.0 404 343ns "Mozilla/5.0 (Macintosh; Intel Mac OS X 10.12; rv:81.0) Gecko/20100101 Firefox/81.0" "
::1 - [Fri, 30 Oct 2020 14:47:53 CET] "GET /favicon.ico HTTP/2.0 404 338ns "Mozilla/5.0 (Macintosh; Intel Mac OS X 10.12; rv:81.0) Gecko/20100101 Firefox/81.0" "
::1 - [Fri, 30 Oct 2020 14:47:59 CET] "GET /services/v1/mik/abc* HTTP/2.0 200 5.828µs "Mozilla/5.0 (Macintosh; Intel Mac OS X 10.12; rv:81.0) Gecko/20100101 Firefox/81.0" "
::1 - [Fri, 30 Oct 2020 14:47:59 CET] "GET /favicon.ico HTTP/2.0 404 460ns "Mozilla/5.0 (Macintosh; Intel Mac OS X 10.12; rv:81.0) Gecko/20100101 Firefox/81.0" "
::1 - [Fri, 30 Oct 2020 14:48:03 CET] "GET /services/v1/mik/abc/5 HTTP/2.0 200 6.777µs "Mozilla/5.0 (Macintosh; Intel Mac OS X 10.12; rv:81.0) Gecko/20100101 Firefox/81.0" "
::1 - [Fri, 30 Oct 2020 14:48:03 CET] "GET /favicon.ico HTTP/2.0 404 375ns "Mozilla/5.0 (Macintosh; Intel Mac OS X 10.12; rv:81.0) Gecko/20100101 Firefox/81.0" "
::1 - [Fri, 30 Oct 2020 14:48:07 CET] "GET /services/v1/mik/abc/5/100 HTTP/2.0 200 7.254µs "Mozilla/5.0 (Macintosh; Intel Mac OS X 10.12; rv:81.0) Gecko/20100101 Firefox/81.0" "
::1 - [Fri, 30 Oct 2020 14:48:07 CET] "GET /favicon.ico HTTP/2.0 404 442ns "Mozilla/5.0 (Macintosh; Intel Mac OS X 10.12; rv:81.0) Gecko/20100101 Firefox/81.0" "
[GIN-debug] redirecting request 301: /services/v1/mik/abc/5 --> /services/v1/mik/abc/5
::1 - [Fri, 30 Oct 2020 14:48:11 CET] "GET /services/v1/mik/abc/5 HTTP/2.0 200 7.123µs "Mozilla/5.0 (Macintosh; Intel Mac OS X 10.12; rv:81.0) Gecko/20100101 Firefox/81.0" "
::1 - [Fri, 30 Oct 2020 14:48:11 CET] "GET /favicon.ico HTTP/2.0 404 291ns "Mozilla/5.0 (Macintosh; Intel Mac OS X 10.12; rv:81.0) Gecko/20100101 Firefox/81.0" "
[GIN-debug] redirecting request 301: /services/v1/mik/abc/5 --> /services/v1/mik/abc/5
::1 - [Fri, 30 Oct 2020 14:48:18 CET] "GET /services/v1/mik/abc/5 HTTP/2.0 200 7.053µs "Mozilla/5.0 (Macintosh; Intel Mac OS X 10.12; rv:81.0) Gecko/20100101 Firefox/81.0" "
::1 - [Fri, 30 Oct 2020 14:48:18 CET] "GET /favicon.ico HTTP/2.0 404 316ns "Mozilla/5.0 (Macintosh; Intel Mac OS X 10.12; rv:81.0) Gecko/20100101 Firefox/81.0" "
::1 - [Fri, 30 Oct 2020 14:48:24 CET] "GET /services/v1/mik/abc/5/100 HTTP/2.0 200 13.94µs "Mozilla/5.0 (Macintosh; Intel Mac OS X 10.12; rv:81.0) Gecko/20100101 Firefox/81.0" "
::1 - [Fri, 30 Oct 2020 14:48:24 CET] "GET /favicon.ico HTTP/2.0 404 306ns "Mozilla/5.0 (Macintosh; Intel Mac OS X 10.12; rv:81.0) Gecko/20100101 Firefox/81.0" "
::1 - [Fri, 30 Oct 2020 14:48:29 CET] "GET /services/v1/mik/abc*/5/100 HTTP/2.0 200 9.359µs "Mozilla/5.0 (Macintosh; Intel Mac OS X 10.12; rv:81.0) Gecko/20100101 Firefox/81.0" "
::1 - [Fri, 30 Oct 2020 14:48:29 CET] "GET /favicon.ico HTTP/2.0 404 369ns "Mozilla/5.0 (Macintosh; Intel Mac OS X 10.12; rv:81.0) Gecko/20100101 Firefox/81.0" "
